0 silly argv {
0 silly argv   _: [ 'run' ],
0 silly argv   parallel: true,
0 silly argv   lernaVersion: '3.17.0',
0 silly argv   '$0': 'node_modules/.bin/lerna',
0 silly argv   script: 'start:gql'
0 silly argv }
1 notice cli v3.17.0
2 verbose rootPath /home/johnatan/Personal/Projects/constractorTenant/frontend/Isomorphic_dasboard/isomorphic
3 info versioning independent
4 info Executing command in 2 packages: "yarn run start:gql"
5 silly npmRunScript.stream [ 'start:gql', [], '@iso/boilerplate-graphql' ]
6 silly getExecOpts /home/johnatan/Personal/Projects/constractorTenant/frontend/Isomorphic_dasboard/isomorphic/packages/isomorphic-boilerplate-graphql/client undefined
7 silly npmRunScript.stream [ 'start:gql', [], '@iso/gql-server' ]
8 silly getExecOpts /home/johnatan/Personal/Projects/constractorTenant/frontend/Isomorphic_dasboard/isomorphic/packages/isomorphic-boilerplate-graphql/server undefined
9 error MaxBufferError: stdout maxBuffer exceeded
9 error     at PassThrough.<anonymous> (/home/johnatan/Personal/Projects/constractorTenant/frontend/Isomorphic_dasboard/isomorphic/node_modules/execa/node_modules/get-stream/index.js:41:19)
9 error     at PassThrough.emit (events.js:228:7)
9 error     at addChunk (_stream_readable.js:309:12)
9 error     at readableAddChunk (_stream_readable.js:286:13)
9 error     at PassThrough.Readable.push (_stream_readable.js:224:10)
9 error     at PassThrough.Transform.push (_stream_transform.js:150:32)
9 error     at PassThrough.afterTransform (_stream_transform.js:94:10)
9 error     at PassThrough._transform (_stream_passthrough.js:44:3)
9 error     at PassThrough.Transform._read (_stream_transform.js:189:10)
